-------------------------------------------------------------------------------
Test set: proyecto.auth.AuthApplicationTests
-------------------------------------------------------------------------------
Tests run: 1, Failures: 0, Errors: 1, Skipped: 0, Time elapsed: 0.383 s <<< FAILURE! - in proyecto.auth.AuthApplicationTests
proyecto.auth.AuthApplicationTests  Time elapsed: 0.381 s  <<< ERROR!
java.lang.IllegalStateException: Unable to find a @SpringBootConfiguration, you need to use @ContextConfiguration or @SpringBootTest(classes=...) with your test

